\BOOKMARK [1][-]{section*.1}{\376\377\000E\000x\000e\000r\000c\000i\000s\000e\000s\000\040\000a\000n\000d\000\040\000t\000a\000s\000k\000s}{}% 1
\BOOKMARK [2][-]{section*.2}{\376\377\0001\000.\0001\000\040\000\040\000\040\000E\000q\000u\000a\000t\000i\000o\000n\000s\000\040\000o\000f\000\040\000m\000o\000t\000i\000o\000n\000\040\000f\000o\000r\000\040\000c\000r\000e\000a\000t\000i\000o\000n\000\040\000a\000n\000d\000\040\000a\000n\000n\000i\000h\000i\000l\000a\000t\000i\000o\000n\000\040\000o\000p\000e\000r\000a\000t\000o\000r\000s}{section*.1}% 2
\BOOKMARK [2][-]{section*.2}{\376\377\0001\000.\0002\000\040\000\040\000\040\000N\000o\000n\000-\000i\000n\000t\000e\000r\000a\000c\000t\000i\000n\000g\000\040\000l\000a\000t\000t\000i\000c\000e\000\040\000f\000e\000r\000m\000i\000o\000n\000s}{section*.1}% 3
\BOOKMARK [2][-]{subsection.2.1}{\376\377\000S\000e\000c\000o\000n\000d\000\040\000Q\000u\000a\000n\000t\000i\000z\000a\000t\000i\000o\000n}{section*.1}% 4
\BOOKMARK [2][-]{subsection.2.2}{\376\377\000M\000a\000p\000p\000i\000n\000g\000\040\000b\000e\000t\000w\000e\000e\000n\000\040\000Q\000u\000a\000n\000t\000u\000m\000\040\000a\000n\000d\000\040\000C\000l\000a\000s\000s\000i\000c\000a\000l\000\040\000S\000y\000s\000t\000e\000m\000s}{section*.1}% 5
\BOOKMARK [2][-]{subsection.3.1}{\376\377\000T\000h\000e\000\040\000T\000r\000a\000n\000s\000v\000e\000r\000s\000e\000\040\000F\000i\000e\000l\000d\000\040\000I\000s\000i\000n\000g\000\040\000M\000o\000d\000e\000l}{section*.1}% 6
\BOOKMARK [2][-]{subsection.4.1}{\376\377\000F\000e\000y\000n\000m\000a\000n\000\040\000P\000a\000t\000h\000\040\000I\000n\000t\000e\000g\000r\000a\000l\000\040\000o\000f\000\040\000t\000h\000e\000\040\000H\000a\000r\000m\000o\000n\000i\000c\000\040\000O\000s\000c\000i\000l\000l\000a\000t\000o\000r}{section*.1}% 7
\BOOKMARK [2][-]{subsection.4.2}{\376\377\000G\000r\000a\000s\000s\000m\000a\000n\000n\000i\000a\000n\000\040\000A\000l\000g\000e\000b\000r\000a}{section*.1}% 8
\BOOKMARK [2][-]{subsection.5.1}{\376\377\000C\000o\000m\000p\000l\000e\000x\000\040\000a\000n\000a\000l\000y\000s\000i\000s}{section*.1}% 9
\BOOKMARK [2][-]{subsection.5.2}{\376\377\000E\000f\000f\000e\000c\000t\000i\000v\000e\000\040\000a\000c\000t\000i\000o\000n\000\040\000o\000f\000\040\000c\000o\000u\000p\000l\000e\000d\000\040\000h\000a\000r\000m\000o\000n\000i\000c\000\040\000o\000s\000c\000i\000l\000l\000a\000t\000o\000r\000s}{section*.1}% 10
\BOOKMARK [2][-]{subsection.6.1}{\376\377\000T\000h\000e\000r\000m\000a\000l\000\040\000G\000r\000e\000e\000n\040\031\000s\000\040\000f\000u\000n\000c\000t\000i\000o\000n\000s}{section*.1}% 11
\BOOKMARK [2][-]{subsection.6.2}{\376\377\000N\000a\000m\000b\000u\000-\000G\000o\000l\000d\000s\000t\000o\000n\000e\000\040\000M\000o\000d\000e\000s\000\040\000i\000n\000\040\000t\000h\000e\000\040\000H\000e\000i\000s\000e\000n\000b\000e\000r\000g\000\040\000F\000e\000r\000r\000o\000m\000a\000g\000n\000e\000t}{section*.1}% 12
\BOOKMARK [2][-]{subsection.7.1}{\376\377\000O\000p\000e\000r\000a\000t\000o\000r\000\040\000I\000d\000e\000n\000t\000i\000t\000y\000\040\000f\000o\000r\000\040\000G\000a\000u\000s\000s\000i\000a\000n\000\040\000T\000h\000e\000o\000r\000i\000e\000s}{section*.1}% 13
\BOOKMARK [2][-]{subsection.7.2}{\376\377\000B\000o\000g\000o\000l\000i\000u\000b\000o\000v\000\040\000t\000h\000e\000o\000r\000y}{section*.1}% 14
\BOOKMARK [2][-]{subsection.8.1}{\376\377\000E\000f\000f\000e\000c\000t\000i\000v\000e\000\040\000a\000c\000t\000i\000o\000n\000\040\000o\000f\000\040\000a\000\040\000c\000o\000n\000d\000e\000n\000s\000a\000t\000e\000\040\000i\000n\000\040\000a\000\040\000d\000o\000u\000b\000l\000e\000\040\000w\000e\000l\000l}{section*.1}% 15
\BOOKMARK [2][-]{subsection.8.2}{\376\377\000V\000o\000r\000t\000e\000x\000\040\000E\000x\000c\000i\000t\000a\000t\000i\000o\000n\000\040\000i\000n\000\040\000a\000\040\000S\000u\000p\000e\000r\000f\000l\000u\000i\000d}{section*.1}% 16
\BOOKMARK [2][-]{subsection.10.1}{\376\377\000P\000h\000a\000s\000e\000\040\000S\000p\000a\000c\000e\000\040\000A\000r\000g\000u\000m\000e\000n\000t\000\040\000f\000o\000r\000\040\000t\000h\000e\000\040\000L\000i\000f\000e\000\040\000T\000i\000m\000e\000\040\000o\000f\000\040\000Q\000u\000a\000s\000i\000-\000p\000a\000r\000t\000i\000c\000l\000e\000s}{section*.1}% 17
\BOOKMARK [2][-]{subsection.10.2}{\376\377\000M\000i\000c\000r\000o\000s\000c\000o\000p\000i\000c\000\040\000B\000a\000s\000i\000s\000\040\000o\000f\000\040\000t\000h\000e\000\040\000F\000e\000r\000m\000i\000-\000l\000i\000q\000u\000i\000d\000\040\000T\000h\000e\000o\000r\000y}{section*.1}% 18
\BOOKMARK [2][-]{figure.9}{\376\377\0001\0001\000.\0001\000\040\000\040\000\050\000e\000x\000t\000e\000r\000n\000a\000l\000\051\000\040\000F\000e\000r\000m\000i\000\040\000L\000i\000q\000u\000i\000d\000\040\000T\000h\000e\000o\000r\000y\000\040\000a\000n\000d\000\040\000G\000r\000e\000e\000n\040\031\000s\000\040\000F\000u\000n\000c\000t\000i\000o\000n\000s}{section*.1}% 19
\BOOKMARK [2][-]{subsection.12.1}{\376\377\000F\000e\000r\000m\000i\000o\000n\000s\000\040\000i\000n\000\040\000o\000n\000e\000\040\000d\000i\000m\000e\000n\000s\000i\000o\000n}{section*.1}% 20
\BOOKMARK [2][-]{subsection.13.1}{\376\377\000S\000t\000o\000n\000e\000r\000\040\000i\000n\000s\000t\000a\000b\000i\000l\000i\000t\000y}{section*.1}% 21
\BOOKMARK [2][-]{subsection.13.2}{\376\377\000B\000o\000g\000o\000l\000i\000u\000b\000o\000v\000\040\000r\000o\000t\000a\000t\000i\000o\000n\000\040\000a\000n\000d\000\040\000g\000a\000p\000\040\000e\000q\000u\000a\000t\000i\000o\000n\000\040\000a\000t\000\040\000z\000e\000r\000o\000\040\000t\000e\000m\000p\000e\000r\000a\000t\000u\000r\000e}{section*.1}% 22
\BOOKMARK [2][-]{subsection.14.1}{\376\377\000S\000p\000e\000c\000i\000f\000i\000c\000\040\000h\000e\000a\000t\000\040\000o\000f\000\040\000a\000\040\000B\000C\000S\000\040\000s\000u\000p\000e\000r\000c\000o\000n\000d\000u\000c\000t\000o\000r}{section*.1}% 23
\BOOKMARK [1][-]{section*.3}{\376\377\000S\000c\000i\000e\000n\000t\000i\000f\000i\000c\000\040\000E\000s\000s\000a\000y\000:\000\040\000T\000h\000e\000r\000m\000a\000l\000i\000z\000a\000t\000i\000o\000n\000\040\000a\000n\000d\000\040\000L\000o\000c\000a\000l\000i\000z\000a\000t\000i\000o\000n}{}% 24
\BOOKMARK [2][-]{subsection.9.1}{\376\377\000I\000n\000t\000r\000o}{section*.3}% 25
\BOOKMARK [2][-]{subsection.9.2}{\376\377\000M\000B\000L\000\040\000e\000x\000p\000e\000r\000i\000m\000e\000n\000t\000\040\000i\000n\000\040\0002\000D}{section*.3}% 26
\BOOKMARK [2][-]{subsection.9.3}{\376\377\000M\000B\000L\000\040\000e\000x\000p\000e\000r\000i\000m\000e\000n\000t\000\040\000i\000n\000\040\0001\000D}{section*.3}% 27
\BOOKMARK [2][-]{subsection.9.4}{\376\377\000N\000u\000m\000e\000r\000i\000c\000a\000l\000\040\000m\000o\000d\000e\000l\000\040\000i\000n\000\040\0002\000D}{section*.3}% 28
\BOOKMARK [2][-]{subsection.9.5}{\376\377\000R\000a\000n\000d\000o\000m\000\040\000M\000a\000t\000r\000i\000c\000e\000s}{section*.3}% 29
\BOOKMARK [2][-]{subsection.9.6}{\376\377\000N\000u\000m\000e\000r\000i\000c\000a\000l\000\040\000m\000o\000d\000e\000l\000\040\000i\000n\000\040\0001\000D}{section*.3}% 30
\BOOKMARK [2][-]{subsection.9.7}{\376\377\000E\000n\000t\000r\000o\000p\000y\000\040\000g\000r\000o\000w\000t\000h}{section*.3}% 31
\BOOKMARK [2][-]{subsection.9.8}{\376\377\000C\000o\000n\000c\000l\000u\000s\000i\000o\000n}{section*.3}% 32
\BOOKMARK [2][-]{subsection.9.9}{\376\377\000S\000u\000p\000p\000l\000e\000m\000e\000n\000t\000a\000r\000y\000\040\000M\000a\000t\000e\000r\000i\000a\000l}{section*.3}% 33
